<?xml version="1.0" encoding="UTF-8"?>
<!-- Generated by org.testng.reporters.JUnitXMLReporter -->
<testsuite ignored="0" hostname="Vishal-Sable" failures="1" tests="1" name="chrome" time="17.821" errors="0" timestamp="2024-08-25T21:36:29 IST">
  <testcase classname="Test_Cases.TC_001" name="firstScript" time="6.102">
    <failure type="java.lang.AssertionError" message="The following asserts failed:
	UIN Not matched expected [111N136V0] but found [111N055V04],
	Product code does not match expected [2Z] but found [35]">
      <![CDATA[java.lang.AssertionError: The following asserts failed:
UIN Not matched expected [111N136V0] but found [111N055V04],
Product code does not match expected [2Z] but found [35]
at Test_Cases.TC_001.firstScript(TC_001.java:51)
at java.base/java.util.ArrayList.forEach(ArrayList.java:1511)
... Removed 29 stack frames]]>
    </failure>
  </testcase> <!-- firstScript -->
</testsuite> <!-- chrome -->
