<?xml version="1.0" encoding="UTF-8"?>
<testng-results ignored="0" total="1" passed="1" failed="0" skipped="0">
  <reporter-output>
  </reporter-output>
  <suite started-at="2024-09-07T09:24:36 IST" name="Suite" finished-at="2024-09-07T09:25:15 IST" duration-ms="39780">
    <groups>
    </groups>
    <test started-at="2024-09-07T09:24:36 IST" name="chrome" finished-at="2024-09-07T09:25:15 IST" duration-ms="39780">
      <class name="Test_Cases.TC_001">
        <test-method is-config="true" signature="Open(java.lang.String)[pri:0, instance:Test_Cases.TC_001@37d4349f]" started-at="2024-09-07T09:24:36 IST" name="Open" finished-at="2024-09-07T09:24:45 IST" duration-ms="8621" status="PASS">
          <params>
            <param index="0">
              <value>
                <![CDATA[edge]]>
              </value>
            </param>
          </params>
          <reporter-output>
          </reporter-output>
        </test-method> <!-- Open -->
        <test-method signature="firstScript()[pri:0, instance:Test_Cases.TC_001@37d4349f]" started-at="2024-09-07T09:24:45 IST" name="firstScript" finished-at="2024-09-07T09:25:15 IST" duration-ms="30388" status="PASS">
          <reporter-output>
          </reporter-output>
        </test-method> <!-- firstScript -->
        <test-method is-config="true" signature="Close()[pri:0, instance:Test_Cases.TC_001@37d4349f]" started-at="2024-09-07T09:25:15 IST" name="Close" finished-at="2024-09-07T09:25:15 IST" duration-ms="195" status="PASS">
          <reporter-output>
          </reporter-output>
        </test-method> <!-- Close -->
      </class> <!-- Test_Cases.TC_001 -->
    </test> <!-- chrome -->
  </suite> <!-- Suite -->
</testng-results>
